<?xml version="1.0" encoding="UTF-8"?>
<!-- Generated by org.testng.reporters.JUnitXMLReporter -->
<testsuite hostname="DESKTOP-JT7U571" ignored="0" name="Default test" tests="23" failures="0" timestamp="2021-05-09T11:30:43 SGT" time="0.194" errors="0">
  <testcase name="verifyBankName" time="0.007" classname="JunitManager.JunitBank"/>
  <testcase name="verifyCusotmerAccountCreation" time="0.002" classname="JunitManager.JunitBank"/>
  <testcase name="verifyCusotmerAccountUUID" time="0.002" classname="JunitManager.JunitBank"/>
  <testcase name="verifyCusotmerDetailsCreation" time="0.001" classname="JunitManager.JunitBank"/>
  <testcase name="verifyCustomerUniqueId" time="0.003" classname="JunitManager.JunitBank"/>
  <testcase name="verifyExistingCusotmerLogin" time="0.005" classname="JunitManager.JunitBank"/>
  <testcase name="verifyNonExistingCusotmerLogin" time="0.002" classname="JunitManager.JunitBank"/>
  <testcase name="addUserAccountTransaction" time="0.003" classname="JunitManager.JunitUser"/>
  <testcase name="validateUserFirstName" time="0.004" classname="JunitManager.JunitUser"/>
  <testcase name="validateUserPin" time="0.004" classname="JunitManager.JunitUser"/>
  <testcase name="verifyUserAccntSize" time="0.001" classname="JunitManager.JunitUser"/>
  <testcase name="verifyUserAccountBalance" time="0.001" classname="JunitManager.JunitUser"/>
  <testcase name="verifyUserAccountTransHistory" time="0.002" classname="JunitManager.JunitUser"/>
  <testcase name="verifyUserUID" time="0.002" classname="JunitManager.JunitUser"/>
  <testcase name="verifyUserUniqueId" time="0.001" classname="JunitManager.JunitUser"/>
  <testcase name="verifyCustomerAccountBalanceforMutipleTransaction" time="0.003" classname="JunitManager.JunitAccount"/>
  <testcase name="verifyCustomerAccountBalanceforSingleTransaction" time="0.001" classname="JunitManager.JunitAccount"/>
  <testcase name="verifyCustomerSummaryLine" time="0.003" classname="JunitManager.JunitAccount"/>
  <testcase name="verifyCustomerTransactionCount" time="0.012" classname="JunitManager.JunitAccount"/>
  <testcase name="verifyCustomerTransactionHistory" time="0.001" classname="JunitManager.JunitAccount"/>
  <testcase name="verifyTransactionAmount" time="0.001" classname="JunitManager.JunitTransaction"/>
  <testcase name="verifyTransactionMemo" time="0.001" classname="JunitManager.JunitTransaction"/>
  <testcase name="verifyTransactionSummaryLine" time="0.001" classname="JunitManager.JunitTransaction"/>
</testsuite> <!-- Default test -->
